CRITICAL - 2022-02-07 03:38:54 --> Undefined variable $depenses_item
#0 C:\Users\Maw DAGNON\Documents\Git_manage\cip-1\app\Views\welcome.php(51): CodeIgniter\Debug\Exceptions->errorHandler()
#1 C:\Users\Maw DAGNON\Documents\Git_manage\cip-1\system\View\View.php(210): include('...')
#2 C:\Users\Maw DAGNON\Documents\Git_manage\cip-1\system\View\View.php(213): CodeIgniter\View\View->CodeIgniter\View\{closure}()
#3 C:\Users\Maw DAGNON\Documents\Git_manage\cip-1\system\Common.php(1089): CodeIgniter\View\View->render()
#4 C:\Users\Maw DAGNON\Documents\Git_manage\cip-1\app\Controllers\Expense.php(15): view()
#5 C:\Users\Maw DAGNON\Documents\Git_manage\cip-1\system\CodeIgniter.php(825): App\Controllers\Expense->index()
#6 C:\Users\Maw DAGNON\Documents\Git_manage\cip-1\system\CodeIgniter.php(412): CodeIgniter\CodeIgniter->runController()
#7 C:\Users\Maw DAGNON\Documents\Git_manage\cip-1\system\CodeIgniter.php(320): CodeIgniter\CodeIgniter->handleRequest()
#8 C:\Users\Maw DAGNON\Documents\Git_manage\cip-1\public\index.php(37): CodeIgniter\CodeIgniter->run()
#9 C:\Users\Maw DAGNON\Documents\Git_manage\cip-1\system\Commands\Server\rewrite.php(43): require_once('...')
#10 {main}
CRITICAL - 2022-02-07 04:57:36 --> Undefined variable $depenses_item
#0 C:\Users\Maw DAGNON\Documents\Git_manage\cip-1\app\Views\stats\cat.php(42): CodeIgniter\Debug\Exceptions->errorHandler()
#1 C:\Users\Maw DAGNON\Documents\Git_manage\cip-1\system\View\View.php(210): include('...')
#2 C:\Users\Maw DAGNON\Documents\Git_manage\cip-1\system\View\View.php(213): CodeIgniter\View\View->CodeIgniter\View\{closure}()
#3 C:\Users\Maw DAGNON\Documents\Git_manage\cip-1\system\Common.php(1089): CodeIgniter\View\View->render()
#4 C:\Users\Maw DAGNON\Documents\Git_manage\cip-1\app\Controllers\Expense.php(68): view()
#5 C:\Users\Maw DAGNON\Documents\Git_manage\cip-1\system\CodeIgniter.php(825): App\Controllers\Expense->singleCat()
#6 C:\Users\Maw DAGNON\Documents\Git_manage\cip-1\system\CodeIgniter.php(412): CodeIgniter\CodeIgniter->runController()
#7 C:\Users\Maw DAGNON\Documents\Git_manage\cip-1\system\CodeIgniter.php(320): CodeIgniter\CodeIgniter->handleRequest()
#8 C:\Users\Maw DAGNON\Documents\Git_manage\cip-1\public\index.php(37): CodeIgniter\CodeIgniter->run()
#9 C:\Users\Maw DAGNON\Documents\Git_manage\cip-1\system\Commands\Server\rewrite.php(43): require_once('...')
#10 {main}
CRITICAL - 2022-02-07 04:58:34 --> Array to string conversion
#0 C:\Users\Maw DAGNON\Documents\Git_manage\cip-1\app\Views\stats\cat.php(42): CodeIgniter\Debug\Exceptions->errorHandler()
#1 C:\Users\Maw DAGNON\Documents\Git_manage\cip-1\system\View\View.php(210): include('...')
#2 C:\Users\Maw DAGNON\Documents\Git_manage\cip-1\system\View\View.php(213): CodeIgniter\View\View->CodeIgniter\View\{closure}()
#3 C:\Users\Maw DAGNON\Documents\Git_manage\cip-1\system\Common.php(1089): CodeIgniter\View\View->render()
#4 C:\Users\Maw DAGNON\Documents\Git_manage\cip-1\app\Controllers\Expense.php(68): view()
#5 C:\Users\Maw DAGNON\Documents\Git_manage\cip-1\system\CodeIgniter.php(825): App\Controllers\Expense->singleCat()
#6 C:\Users\Maw DAGNON\Documents\Git_manage\cip-1\system\CodeIgniter.php(412): CodeIgniter\CodeIgniter->runController()
#7 C:\Users\Maw DAGNON\Documents\Git_manage\cip-1\system\CodeIgniter.php(320): CodeIgniter\CodeIgniter->handleRequest()
#8 C:\Users\Maw DAGNON\Documents\Git_manage\cip-1\public\index.php(37): CodeIgniter\CodeIgniter->run()
#9 C:\Users\Maw DAGNON\Documents\Git_manage\cip-1\system\Commands\Server\rewrite.php(43): require_once('...')
#10 {main}
CRITICAL - 2022-02-07 04:58:58 --> Undefined array key ""
#0 C:\Users\Maw DAGNON\Documents\Git_manage\cip-1\app\Views\stats\cat.php(42): CodeIgniter\Debug\Exceptions->errorHandler()
#1 C:\Users\Maw DAGNON\Documents\Git_manage\cip-1\system\View\View.php(210): include('...')
#2 C:\Users\Maw DAGNON\Documents\Git_manage\cip-1\system\View\View.php(213): CodeIgniter\View\View->CodeIgniter\View\{closure}()
#3 C:\Users\Maw DAGNON\Documents\Git_manage\cip-1\system\Common.php(1089): CodeIgniter\View\View->render()
#4 C:\Users\Maw DAGNON\Documents\Git_manage\cip-1\app\Controllers\Expense.php(68): view()
#5 C:\Users\Maw DAGNON\Documents\Git_manage\cip-1\system\CodeIgniter.php(825): App\Controllers\Expense->singleCat()
#6 C:\Users\Maw DAGNON\Documents\Git_manage\cip-1\system\CodeIgniter.php(412): CodeIgniter\CodeIgniter->runController()
#7 C:\Users\Maw DAGNON\Documents\Git_manage\cip-1\system\CodeIgniter.php(320): CodeIgniter\CodeIgniter->handleRequest()
#8 C:\Users\Maw DAGNON\Documents\Git_manage\cip-1\public\index.php(37): CodeIgniter\CodeIgniter->run()
#9 C:\Users\Maw DAGNON\Documents\Git_manage\cip-1\system\Commands\Server\rewrite.php(43): require_once('...')
#10 {main}
CRITICAL - 2022-02-07 04:59:52 --> Undefined array key "category"
#0 C:\Users\Maw DAGNON\Documents\Git_manage\cip-1\app\Views\stats\cat.php(42): CodeIgniter\Debug\Exceptions->errorHandler()
#1 C:\Users\Maw DAGNON\Documents\Git_manage\cip-1\system\View\View.php(210): include('...')
#2 C:\Users\Maw DAGNON\Documents\Git_manage\cip-1\system\View\View.php(213): CodeIgniter\View\View->CodeIgniter\View\{closure}()
#3 C:\Users\Maw DAGNON\Documents\Git_manage\cip-1\system\Common.php(1089): CodeIgniter\View\View->render()
#4 C:\Users\Maw DAGNON\Documents\Git_manage\cip-1\app\Controllers\Expense.php(68): view()
#5 C:\Users\Maw DAGNON\Documents\Git_manage\cip-1\system\CodeIgniter.php(825): App\Controllers\Expense->singleCat()
#6 C:\Users\Maw DAGNON\Documents\Git_manage\cip-1\system\CodeIgniter.php(412): CodeIgniter\CodeIgniter->runController()
#7 C:\Users\Maw DAGNON\Documents\Git_manage\cip-1\system\CodeIgniter.php(320): CodeIgniter\CodeIgniter->handleRequest()
#8 C:\Users\Maw DAGNON\Documents\Git_manage\cip-1\public\index.php(37): CodeIgniter\CodeIgniter->run()
#9 C:\Users\Maw DAGNON\Documents\Git_manage\cip-1\system\Commands\Server\rewrite.php(43): require_once('...')
#10 {main}
